<?xml version="1.0" encoding="utf-8"?><testsuites name="pytest tests"><testsuite name="pytest" errors="0" failures="1" skipped="0" tests="11" time="4.458" timestamp="2026-07-30T23:06:21.630742+00:00" hostname="agent-env-b9c74785-e0d7-4d90-8e0b-aca56249386d"><testcase classname="tests.test_login_fix" name="test_login_success_shape_and_content_type" time="1.625" /><testcase classname="tests.test_login_fix" name="test_login_success_no_set_cookie" time="0.333"><failure message="AssertionError: Unexpected Set-Cookie: __cf_bm=xYeAnZjwYfH4e_4CCBncHtqPUo42tiYD5qXJImOttaU-1785452783.823364-1.0.1.1-hcmHPULB9nh2S3zGjB601eekzBRWFVfVpglhLW1P09wmPfEr.vXsUK9aUNkai_la3o4aRvcrKEKGLujfad9J261vF2h441Sf8hIcu_JcagB0p0WIBWcESP9JE9hmDnEX; HttpOnly; SameSite=None; Secure; Path=/; Domain=preview.emergentagent.com; Expires=Thu, 30 Jul 2026 23:36:24 GMT&#10;assert 'set-cookie' not in {'access-control-allow-headers', 'access-control-allow-methods', 'access-control-allow-origin', 'access-control-max-age', 'cache-control', 'cf-cache-status', ...}">backend/tests/test_login_fix.py:54: in test_login_success_no_set_cookie
    assert "set-cookie" not in {k.lower() for k in r.headers.keys()}, \
E   AssertionError: Unexpected Set-Cookie: __cf_bm=xYeAnZjwYfH4e_4CCBncHtqPUo42tiYD5qXJImOttaU-1785452783.823364-1.0.1.1-hcmHPULB9nh2S3zGjB601eekzBRWFVfVpglhLW1P09wmPfEr.vXsUK9aUNkai_la3o4aRvcrKEKGLujfad9J261vF2h441Sf8hIcu_JcagB0p0WIBWcESP9JE9hmDnEX; HttpOnly; SameSite=None; Secure; Path=/; Domain=preview.emergentagent.com; Expires=Thu, 30 Jul 2026 23:36:24 GMT
E   assert 'set-cookie' not in {'access-control-allow-headers', 'access-control-allow-methods', 'access-control-allow-origin', 'access-control-max-age', 'cache-control', 'cf-cache-status', ...}</failure></testcase><testcase classname="tests.test_login_fix" name="test_login_wrong_password_returns_401_error_shape" time="0.366" /><testcase classname="tests.test_login_fix" name="test_login_unknown_email_returns_401_same_message" time="0.150" /><testcase classname="tests.test_login_fix" name="test_login_missing_password_returns_422_valid_json" time="0.102" /><testcase classname="tests.test_login_fix" name="test_login_empty_body_returns_422_valid_json" time="0.146" /><testcase classname="tests.test_login_fix" name="test_login_non_json_body_returns_error_valid_response" time="0.113" /><testcase classname="tests.test_login_fix" name="test_options_preflight_cors_no_wildcard_credentials" time="0.071" /><testcase classname="tests.test_login_fix" name="test_me_endpoint_regression" time="0.422" /><testcase classname="tests.test_login_fix" name="test_register_duplicate_email_error_shape" time="0.113" /><testcase classname="tests.test_login_fix" name="test_global_exception_handler_returns_json_error" time="0.283" /></testsuite></testsuites>