<?xml version="1.0" encoding="utf-8"?><testsuites name="pytest tests"><testsuite name="pytest" errors="0" failures="0" skipped="0" tests="7" time="3.121" timestamp="2026-07-30T22:06:43.187749+00:00" hostname="agent-env-b9c74785-e0d7-4d90-8e0b-aca56249386d"><testcase classname="tests.test_subscribe.TestSubscribe" name="test_subscribe_requires_auth" time="0.263" /><testcase classname="tests.test_subscribe.TestSubscribe" name="test_unsubscribe_requires_auth" time="0.050" /><testcase classname="tests.test_subscribe.TestSubscribe" name="test_subscribe_own_channel_400" time="0.314" /><testcase classname="tests.test_subscribe.TestSubscribe" name="test_subscribe_nonexistent_channel_404" time="0.887" /><testcase classname="tests.test_subscribe.TestSubscribe" name="test_subscribe_and_unsubscribe_flow" time="0.405" /><testcase classname="tests.test_subscribe.TestSubscribe" name="test_channels_mine_includes_subscriber_count" time="0.049" /><testcase classname="tests.test_subscribe.TestSubscribe" name="test_unique_index_prevents_duplicates" time="0.162" /></testsuite></testsuites>