<?xml version="1.0" encoding="utf-8"?><testsuites name="pytest tests"><testsuite name="pytest" errors="0" failures="0" skipped="0" tests="10" time="5.226" timestamp="2026-07-30T22:17:56.036605+00:00" hostname="agent-env-b9c74785-e0d7-4d90-8e0b-aca56249386d"><testcase classname="tests.test_viewers" name="test_same_ip_stays_one" time="1.053" /><testcase classname="tests.test_viewers" name="test_distinct_ips_increment" time="0.535" /><testcase classname="tests.test_viewers" name="test_offline_heartbeat_no_insert" time="0.321" /><testcase classname="tests.test_viewers" name="test_stale_sessions_excluded" time="0.448" /><testcase classname="tests.test_viewers" name="test_channel_response_has_stream_timestamps" time="0.535" /><testcase classname="tests.test_viewers" name="test_go_offline_clears_sessions" time="0.602" /><testcase classname="tests.test_viewers" name="test_unique_index_exists" time="0.105" /><testcase classname="tests.test_viewers" name="test_list_channels_ok" time="0.209" /><testcase classname="tests.test_viewers" name="test_follow_endpoint_smoke" time="0.259" /><testcase classname="tests.test_viewers" name="test_notifications_smoke" time="0.220" /></testsuite></testsuites>