<?xml version="1.0" encoding="utf-8"?><testsuites name="pytest tests"><testsuite name="pytest" errors="0" failures="0" skipped="0" tests="7" time="1.677" timestamp="2026-07-30T23:23:22.609632+00:00" hostname="agent-env-b9c74785-e0d7-4d90-8e0b-aca56249386d"><testcase classname="tests.test_no_seed_pollution.TestNoSeedOnStartup" name="test_startup_did_not_create_test_users" time="0.041" /><testcase classname="tests.test_no_seed_pollution.TestChannelsEndpoint" name="test_live_only_returns_only_live" time="0.349" /><testcase classname="tests.test_no_seed_pollution.TestNoSeedOnStartup" name="test_system_collection_is_only_webhook" time="0.002" /><testcase classname="tests.test_no_seed_pollution.TestChannelsEndpoint" name="test_all_channels_includes_seeded_offline" time="0.144" /><testcase classname="tests.test_no_seed_pollution.TestChannelsEndpoint" name="test_empty_category_returns_empty_array" time="0.133" /><testcase classname="tests.test_no_seed_pollution.TestChannelsEndpoint" name="test_no_hardcoded_fakes_in_response" time="0.131" /><testcase classname="tests.test_no_seed_pollution.TestChannelsEndpoint" name="test_response_has_no_mongodb_id" time="0.109" /></testsuite></testsuites>