<?xml version="1.0" encoding="utf-8"?><testsuites name="pytest tests"><testsuite name="pytest" errors="0" failures="0" skipped="0" tests="20" time="0.762" timestamp="2026-07-30T23:40:07.516979+00:00" hostname="agent-env-b9c74785-e0d7-4d90-8e0b-aca56249386d"><testcase classname="tests.test_purge" name="test_is_test_email[markysparks99@gmail.com-False]" time="0.001" /><testcase classname="tests.test_purge" name="test_is_test_email[testdj@pirate.radio-True]" time="0.000" /><testcase classname="tests.test_purge" name="test_is_test_email[follower_abc123@pirate.radio-True]" time="0.000" /><testcase classname="tests.test_purge" name="test_is_test_email[sub_9c5c3493@sparkz.tv-True]" time="0.000" /><testcase classname="tests.test_purge" name="test_is_test_email[sidebar_fb6144@sparkz.tv-True]" time="0.000" /><testcase classname="tests.test_purge" name="test_is_test_email[test_fe_30305396@pirate.radio-True]" time="0.000" /><testcase classname="tests.test_purge" name="test_is_test_email[random@sparkz.tv-False]" time="0.000" /><testcase classname="tests.test_purge" name="test_is_test_email[test123@sparkz.tv-False]" time="0.000" /><testcase classname="tests.test_purge" name="test_is_test_email[chat_736cf8@pirate.radio-True]" time="0.000" /><testcase classname="tests.test_purge" name="test_is_test_email[anyone@gmail.com-False]" time="0.000" /><testcase classname="tests.test_purge" name="test_is_test_email[None-False]" time="0.000" /><testcase classname="tests.test_purge" name="test_is_test_email[-False]" time="0.000" /><testcase classname="tests.test_purge" name="test_djsparkz_email_never_matches" time="0.000" /><testcase classname="tests.test_purge" name="test_purge_cascades_all_collections" time="0.014" /><testcase classname="tests.test_purge" name="test_real_user_survives_purge" time="0.004" /><testcase classname="tests.test_purge" name="test_purge_idempotent_no_test_users" time="0.001" /><testcase classname="tests.test_purge" name="test_djsparkz_survives_purge" time="0.001" /><testcase classname="tests.test_purge" name="test_channels_endpoint_still_works" time="0.179" /><testcase classname="tests.test_purge" name="test_djsparkz_channel_endpoint" time="0.107" /><testcase classname="tests.test_purge" name="test_auth_login_endpoint_reachable" time="0.141" /></testsuite></testsuites>