<?xml version="1.0" encoding="utf-8"?><testsuites name="pytest tests"><testsuite name="pytest" errors="0" failures="1" skipped="0" tests="13" time="5.374" timestamp="2026-07-30T20:51:58.073092+00:00" hostname="agent-env-b9c74785-e0d7-4d90-8e0b-aca56249386d"><testcase classname="tests.test_new_features.TestChat" name="test_history_endpoint_returns_list" time="0.267" /><testcase classname="tests.test_new_features.TestChat" name="test_ws_reject_without_token" time="0.250" /><testcase classname="tests.test_new_features.TestFollow" name="test_follow_own_channel_400" time="1.902" /><testcase classname="tests.test_new_features.TestChat" name="test_ws_welcome_and_broadcast" time="3.044" /><testcase classname="tests.test_new_features.TestFollow" name="test_follow_and_unfollow" time="2.067" /><testcase classname="tests.test_new_features.TestSessions" name="test_sessions_endpoint_returns_list" time="0.049" /><testcase classname="tests.test_new_features.TestSessions" name="test_sessions_refresh_auth" time="0.600" /><testcase classname="tests.test_new_features.TestFollow" name="test_following_filter_requires_auth" time="0.219" /><testcase classname="tests.test_new_features.TestFollow" name="test_following_filter_returns_only_followed" time="0.176" /><testcase classname="tests.test_new_features.TestSessions" name="test_sessions_refresh_unauth" time="0.042" /><testcase classname="tests.test_new_features.TestNotifications" name="test_webhook_creates_notification_for_follower" time="0.441"><failure message="RuntimeError: There is no current event loop in thread 'MainThread'.">backend/tests/test_new_features.py:134: in test_webhook_creates_notification_for_follower
    secret = self._get_secret()
             ^^^^^^^^^^^^^^^^^^
backend/tests/test_new_features.py:122: in _get_secret
    return asyncio.get_event_loop().run_until_complete(_get())
           ^^^^^^^^^^^^^^^^^^^^^^^^
/usr/local/lib/python3.11/asyncio/events.py:681: in get_event_loop
    raise RuntimeError('There is no current event loop in thread %r.'
E   RuntimeError: There is no current event loop in thread 'MainThread'.</failure></testcase><testcase classname="tests.test_new_features.TestChannelExtras" name="test_channel_public_has_follower_count" time="0.220" /><testcase classname="tests.test_new_features.TestNotifications" name="test_mark_read_zeros_unread" time="0.065" /></testsuite></testsuites>