<?xml version="1.0" encoding="utf-8"?><testsuites name="pytest tests"><testsuite name="pytest" errors="0" failures="0" skipped="0" tests="30" time="7.273" timestamp="2026-07-30T20:52:25.171741+00:00" hostname="agent-env-b9c74785-e0d7-4d90-8e0b-aca56249386d"><testcase classname="tests.backend_test.TestChannels" name="test_list_channels" time="0.120" /><testcase classname="tests.backend_test.TestChannels" name="test_list_channels_category_filter" time="0.674" /><testcase classname="tests.backend_test.TestChannels" name="test_list_channels_live_only" time="0.088" /><testcase classname="tests.backend_test.TestAuth" name="test_register_creates_channel_with_livepeer_stream" time="0.892" /><testcase classname="tests.backend_test.TestAuth" name="test_duplicate_email_returns_409" time="0.260" /><testcase classname="tests.backend_test.TestAuth" name="test_duplicate_username_returns_409" time="0.088" /><testcase classname="tests.backend_test.TestChannels" name="test_public_channel_no_stream_key" time="0.410" /><testcase classname="tests.backend_test.TestChannels" name="test_patch_mine_valid" time="0.225" /><testcase classname="tests.backend_test.TestAuth" name="test_login_correct" time="0.271" /><testcase classname="tests.backend_test.TestAuth" name="test_login_wrong_password" time="0.277" /><testcase classname="tests.backend_test.TestChannels" name="test_patch_mine_invalid_category" time="0.049" /><testcase classname="tests.backend_test.TestChannels" name="test_go_live_toggle" time="0.320" /><testcase classname="tests.backend_test.TestAuth" name="test_me_returns_profile_no_hash" time="0.052" /><testcase classname="tests.backend_test.TestChannels" name="test_sync_livepeer" time="0.455" /><testcase classname="tests.test_new_features.TestChat" name="test_history_endpoint_returns_list" time="0.175" /><testcase classname="tests.test_new_features.TestFollow" name="test_follow_own_channel_400" time="0.611" /><testcase classname="tests.test_new_features.TestChat" name="test_ws_reject_without_token" time="0.674" /><testcase classname="tests.test_new_features.TestFollow" name="test_follow_and_unfollow" time="1.832" /><testcase classname="tests.test_new_features.TestChat" name="test_ws_welcome_and_broadcast" time="1.143" /><testcase classname="tests.test_new_features.TestFollow" name="test_following_filter_requires_auth" time="0.112" /><testcase classname="tests.test_new_features.TestSessions" name="test_sessions_endpoint_returns_list" time="0.110" /><testcase classname="tests.test_new_features.TestFollow" name="test_following_filter_returns_only_followed" time="0.351" /><testcase classname="tests.test_new_features.TestSessions" name="test_sessions_refresh_auth" time="0.716" /><testcase classname="tests.backend_test.TestUsers" name="test_patch_profile_mirrors_display_name" time="0.442" /><testcase classname="tests.test_new_features.TestSessions" name="test_sessions_refresh_unauth" time="0.110" /><testcase classname="tests.backend_test.TestUsers" name="test_upload_photo" time="0.709" /><testcase classname="tests.test_new_features.TestNotifications" name="test_webhook_creates_notification_for_follower" time="1.279" /><testcase classname="tests.backend_test.TestCategories" name="test_categories_exact" time="0.224" /><testcase classname="tests.test_new_features.TestChannelExtras" name="test_channel_public_has_follower_count" time="0.137" /><testcase classname="tests.test_new_features.TestNotifications" name="test_mark_read_zeros_unread" time="0.071" /></testsuite></testsuites>