<?xml version="1.0" encoding="utf-8"?><testsuites name="pytest tests"><testsuite name="pytest" errors="0" failures="0" skipped="0" tests="12" time="5.144" timestamp="2026-07-31T00:31:43.740985+00:00" hostname="agent-env-b9c74785-e0d7-4d90-8e0b-aca56249386d"><testcase classname="tests.test_thumbnail.TestRegression" name="test_channels_list_ok" time="0.130" /><testcase classname="tests.test_thumbnail.TestUploadThumbnail" name="test_upload_requires_auth" time="0.126" /><testcase classname="tests.test_thumbnail.TestRegression" name="test_get_djsparkz_channel" time="0.123" /><testcase classname="tests.test_thumbnail.TestUploadThumbnail" name="test_upload_rejects_non_image" time="0.106" /><testcase classname="tests.test_thumbnail.TestUploadThumbnail" name="test_upload_rejects_oversize" time="0.658" /><testcase classname="tests.test_thumbnail.TestRegression" name="test_login_endpoint_reachable" time="0.102" /><testcase classname="tests.test_thumbnail.TestRegression" name="test_webhook_status_endpoint" time="0.148" /><testcase classname="tests.test_thumbnail.TestChannelPublicField" name="test_get_channel_by_username_includes_thumbnail_url_field" time="0.113" /><testcase classname="tests.test_thumbnail.TestChannelPublicField" name="test_list_channels_includes_thumbnail_url_field" time="0.103" /><testcase classname="tests.test_thumbnail.TestUploadThumbnail" name="test_upload_success" time="3.025" /><testcase classname="tests.test_thumbnail.TestClearThumbnail" name="test_clear_requires_auth" time="0.102" /><testcase classname="tests.test_thumbnail.TestClearThumbnail" name="test_clear_success" time="0.104" /></testsuite></testsuites>